[2023-03-14T20:53:24.200] [DEBUG] default - Some debug messages
[2023-03-14T20:53:24.207] [INFO] default - Some info messages
[2023-03-14T20:53:24.208] [WARN] default - Some warning messages
[2023-03-14T20:53:24.208] [ERROR] default - Some error messages
[2023-03-14T20:53:24.209] [FATAL] default - Some fatal messages
[2023-03-14T20:54:38.819] [DEBUG] default - Some debug messages
[2023-03-14T20:54:38.823] [INFO] default - Some info messages
[2023-03-14T20:54:38.824] [WARN] default - Some warning messages
[2023-03-14T20:54:38.824] [ERROR] default - Some error messages
[2023-03-14T20:54:38.826] [FATAL] default - Some fatal messages
[2023-03-14T20:54:42.894] [DEBUG] default - Some debug messages
[2023-03-14T20:54:42.897] [INFO] default - Some info messages
[2023-03-14T20:54:42.898] [WARN] default - Some warning messages
[2023-03-14T20:54:42.898] [ERROR] default - Some error messages
[2023-03-14T20:54:42.899] [FATAL] default - Some fatal messages
[2023-03-14T20:54:55.014] [DEBUG] default - Some debug messages
[2023-03-14T20:54:55.016] [INFO] default - Some info messages
[2023-03-14T20:54:55.017] [WARN] default - Some warning messages
[2023-03-14T20:54:55.017] [ERROR] default - Some error messages
[2023-03-14T20:54:55.018] [FATAL] default - Some fatal messages
[2023-03-14T20:55:00.758] [DEBUG] default - Some debug messages
[2023-03-14T20:55:00.760] [INFO] default - Some info messages
[2023-03-14T20:55:00.761] [WARN] default - Some warning messages
[2023-03-14T20:55:00.761] [ERROR] default - Some error messages
[2023-03-14T20:55:00.763] [FATAL] default - Some fatal messages
[2023-03-14T20:55:04.808] [DEBUG] default - Some debug messages
[2023-03-14T20:55:04.811] [INFO] default - Some info messages
[2023-03-14T20:55:04.812] [WARN] default - Some warning messages
[2023-03-14T20:55:04.812] [ERROR] default - Some error messages
[2023-03-14T20:55:04.813] [FATAL] default - Some fatal messages
[2023-03-14T20:55:48.422] [INFO] default - Person succesfully retrieved
[2023-03-14T20:55:52.271] [INFO] default - Person succesfully retrieved
[2023-03-14T20:56:12.373] [INFO] default - Data succesfully retrieved
[2023-03-14T20:56:29.982] [DEBUG] default - Some debug messages
[2023-03-14T20:56:29.986] [INFO] default - Some info messages
[2023-03-14T20:56:29.987] [WARN] default - Some warning messages
[2023-03-14T20:56:29.988] [ERROR] default - Some error messages
[2023-03-14T20:56:29.989] [FATAL] default - Some fatal messages
[2023-03-14T20:56:58.597] [DEBUG] default - Some debug messages
[2023-03-14T20:56:58.600] [INFO] default - Some info messages
[2023-03-14T20:56:58.601] [WARN] default - Some warning messages
[2023-03-14T20:56:58.602] [ERROR] default - Some error messages
[2023-03-14T20:56:58.603] [FATAL] default - Some fatal messages
[2023-03-14T20:57:18.238] [DEBUG] default - Some debug messages
[2023-03-14T20:57:18.243] [INFO] default - Some info messages
[2023-03-14T20:57:18.243] [WARN] default - Some warning messages
[2023-03-14T20:57:18.245] [ERROR] default - Some error messages
[2023-03-14T20:57:18.246] [FATAL] default - Some fatal messages
[2023-03-14T20:57:21.754] [INFO] default - Person succesfully retrieved
[2023-03-14T20:57:52.885] [DEBUG] default - Some debug messages
[2023-03-14T20:57:52.890] [INFO] default - Some info messages
[2023-03-14T20:57:52.891] [WARN] default - Some warning messages
[2023-03-14T20:57:52.891] [ERROR] default - Some error messages
[2023-03-14T20:57:52.892] [FATAL] default - Some fatal messages
[2023-03-14T20:58:44.595] [INFO] default - Person succesfully retrieved
[2023-03-14T20:59:06.458] [INFO] default - Person succesfully retrieved
[2023-03-14T21:04:36.155] [DEBUG] default - Some debug messages
[2023-03-14T21:04:36.159] [INFO] default - Some info messages
[2023-03-14T21:04:36.160] [WARN] default - Some warning messages
[2023-03-14T21:04:36.161] [ERROR] default - Some error messages
[2023-03-14T21:04:36.162] [FATAL] default - Some fatal messages
[2023-03-14T21:04:43.742] [DEBUG] default - Some debug messages
[2023-03-14T21:04:43.745] [INFO] default - Some info messages
[2023-03-14T21:04:43.746] [WARN] default - Some warning messages
[2023-03-14T21:04:43.747] [ERROR] default - Some error messages
[2023-03-14T21:04:43.748] [FATAL] default - Some fatal messages
[2023-03-14T21:04:48.246] [INFO] default - Person succesfully retrieved
[2023-03-14T21:04:51.887] [INFO] default - Person succesfully retrieved
[2023-03-14T21:05:24.941] [DEBUG] default - Some debug messages
[2023-03-14T21:05:24.946] [INFO] default - Some info messages
[2023-03-14T21:05:24.946] [WARN] default - Some warning messages
[2023-03-14T21:05:24.947] [ERROR] default - Some error messages
[2023-03-14T21:05:24.947] [FATAL] default - Some fatal messages
[2023-03-14T21:05:38.441] [DEBUG] default - Some debug messages
[2023-03-14T21:05:38.445] [INFO] default - Some info messages
[2023-03-14T21:05:38.445] [WARN] default - Some warning messages
[2023-03-14T21:05:38.446] [ERROR] default - Some error messages
[2023-03-14T21:05:38.447] [FATAL] default - Some fatal messages
[2023-03-14T21:06:02.423] [DEBUG] default - Some debug messages
[2023-03-14T21:06:02.426] [INFO] default - Some info messages
[2023-03-14T21:06:02.427] [WARN] default - Some warning messages
[2023-03-14T21:06:02.428] [ERROR] default - Some error messages
[2023-03-14T21:06:02.429] [FATAL] default - Some fatal messages
[2023-03-14T21:06:27.353] [DEBUG] default - Some debug messages
[2023-03-14T21:06:27.358] [INFO] default - Some info messages
[2023-03-14T21:06:27.358] [WARN] default - Some warning messages
[2023-03-14T21:06:27.359] [ERROR] default - Some error messages
[2023-03-14T21:06:27.360] [FATAL] default - Some fatal messages
[2023-03-14T21:06:44.592] [DEBUG] default - Some debug messages
[2023-03-14T21:06:44.596] [INFO] default - Some info messages
[2023-03-14T21:06:44.596] [WARN] default - Some warning messages
[2023-03-14T21:06:44.597] [ERROR] default - Some error messages
[2023-03-14T21:06:44.598] [FATAL] default - Some fatal messages
[2023-03-14T21:06:49.199] [DEBUG] default - Some debug messages
[2023-03-14T21:06:49.206] [INFO] default - Some info messages
[2023-03-14T21:06:49.207] [WARN] default - Some warning messages
[2023-03-14T21:06:49.207] [ERROR] default - Some error messages
[2023-03-14T21:06:49.208] [FATAL] default - Some fatal messages
[2023-03-14T21:06:58.945] [DEBUG] default - Some debug messages
[2023-03-14T21:06:58.948] [INFO] default - Some info messages
[2023-03-14T21:06:58.949] [WARN] default - Some warning messages
[2023-03-14T21:06:58.949] [ERROR] default - Some error messages
[2023-03-14T21:06:58.950] [FATAL] default - Some fatal messages
[2023-03-14T21:07:11.378] [DEBUG] default - Some debug messages
[2023-03-14T21:07:11.383] [INFO] default - Some info messages
[2023-03-14T21:07:11.384] [WARN] default - Some warning messages
[2023-03-14T21:07:11.386] [ERROR] default - Some error messages
[2023-03-14T21:07:11.386] [FATAL] default - Some fatal messages
[2023-03-14T21:07:27.948] [DEBUG] default - Some debug messages
[2023-03-14T21:07:27.951] [INFO] default - Some info messages
[2023-03-14T21:07:27.952] [WARN] default - Some warning messages
[2023-03-14T21:07:27.952] [ERROR] default - Some error messages
[2023-03-14T21:07:27.953] [FATAL] default - Some fatal messages
[2023-03-14T21:07:32.168] [INFO] default - succesfull retrivement of a person from selected id: [object Object]
[2023-03-14T21:07:35.139] [INFO] default - succesfull retrivement of a person from selected id: [object Object]
[2023-03-14T21:07:43.340] [INFO] default - succesfull retrivement of a person from selected id: [object Object]
[2023-03-14T21:08:27.772] [DEBUG] default - Some debug messages
[2023-03-14T21:08:27.776] [INFO] default - Some info messages
[2023-03-14T21:08:27.777] [WARN] default - Some warning messages
[2023-03-14T21:08:27.777] [ERROR] default - Some error messages
[2023-03-14T21:08:27.778] [FATAL] default - Some fatal messages
[2023-03-14T21:08:29.938] [INFO] default - succesfull retrivement of a person from selected id: [object Object]
[2023-03-14T21:08:53.059] [DEBUG] default - Some debug messages
[2023-03-14T21:08:53.063] [INFO] default - Some info messages
[2023-03-14T21:08:53.064] [WARN] default - Some warning messages
[2023-03-14T21:08:53.065] [ERROR] default - Some error messages
[2023-03-14T21:08:53.066] [FATAL] default - Some fatal messages
[2023-03-14T21:09:02.845] [DEBUG] default - Some debug messages
[2023-03-14T21:09:02.849] [INFO] default - Some info messages
[2023-03-14T21:09:02.849] [WARN] default - Some warning messages
[2023-03-14T21:09:02.850] [ERROR] default - Some error messages
[2023-03-14T21:09:02.851] [FATAL] default - Some fatal messages
[2023-03-14T21:09:08.431] [DEBUG] default - Some debug messages
[2023-03-14T21:09:08.440] [INFO] default - Some info messages
[2023-03-14T21:09:08.458] [WARN] default - Some warning messages
[2023-03-14T21:09:08.460] [ERROR] default - Some error messages
[2023-03-14T21:09:08.461] [FATAL] default - Some fatal messages
[2023-03-14T21:09:21.111] [DEBUG] default - Some debug messages
[2023-03-14T21:09:21.115] [INFO] default - Some info messages
[2023-03-14T21:09:21.116] [WARN] default - Some warning messages
[2023-03-14T21:09:21.116] [ERROR] default - Some error messages
[2023-03-14T21:09:21.117] [FATAL] default - Some fatal messages
[2023-03-14T21:09:22.018] [INFO] default - succesfully found person from selected id: [object Object]
[2023-03-14T21:09:24.510] [INFO] default - succesfully found person from selected id: [object Object]
[2023-03-14T21:09:43.988] [DEBUG] default - Some debug messages
[2023-03-14T21:09:43.993] [INFO] default - Some info messages
[2023-03-14T21:09:43.993] [WARN] default - Some warning messages
[2023-03-14T21:09:43.994] [ERROR] default - Some error messages
[2023-03-14T21:09:43.995] [FATAL] default - Some fatal messages
[2023-03-14T21:09:57.230] [DEBUG] default - Some debug messages
[2023-03-14T21:09:57.233] [INFO] default - Some info messages
[2023-03-14T21:09:57.234] [WARN] default - Some warning messages
[2023-03-14T21:09:57.235] [ERROR] default - Some error messages
[2023-03-14T21:09:57.236] [FATAL] default - Some fatal messages
[2023-03-14T21:10:08.902] [DEBUG] default - Some debug messages
[2023-03-14T21:10:08.906] [INFO] default - Some info messages
[2023-03-14T21:10:08.907] [WARN] default - Some warning messages
[2023-03-14T21:10:08.908] [ERROR] default - Some error messages
[2023-03-14T21:10:08.909] [FATAL] default - Some fatal messages
[2023-03-14T21:10:16.105] [DEBUG] default - Some debug messages
[2023-03-14T21:10:16.109] [INFO] default - Some info messages
[2023-03-14T21:10:16.109] [WARN] default - Some warning messages
[2023-03-14T21:10:16.110] [ERROR] default - Some error messages
[2023-03-14T21:10:16.111] [FATAL] default - Some fatal messages
[2023-03-14T21:11:08.183] [DEBUG] default - Some debug messages
[2023-03-14T21:11:08.187] [INFO] default - Some info messages
[2023-03-14T21:11:08.187] [WARN] default - Some warning messages
[2023-03-14T21:11:08.188] [ERROR] default - Some error messages
[2023-03-14T21:11:08.189] [FATAL] default - Some fatal messages
[2023-03-14T21:11:16.569] [DEBUG] default - Some debug messages
[2023-03-14T21:11:16.572] [INFO] default - Some info messages
[2023-03-14T21:11:16.573] [WARN] default - Some warning messages
[2023-03-14T21:11:16.574] [ERROR] default - Some error messages
[2023-03-14T21:11:16.575] [FATAL] default - Some fatal messages
[2023-03-14T21:11:31.489] [DEBUG] default - Some debug messages
[2023-03-14T21:11:31.494] [INFO] default - Some info messages
[2023-03-14T21:11:31.495] [WARN] default - Some warning messages
[2023-03-14T21:11:31.495] [ERROR] default - Some error messages
[2023-03-14T21:11:31.496] [FATAL] default - Some fatal messages
[2023-03-14T21:11:44.259] [DEBUG] default - Some debug messages
[2023-03-14T21:11:44.263] [INFO] default - Some info messages
[2023-03-14T21:11:44.263] [WARN] default - Some warning messages
[2023-03-14T21:11:44.264] [ERROR] default - Some error messages
[2023-03-14T21:11:44.265] [FATAL] default - Some fatal messages
[2023-03-14T21:11:47.328] [INFO] default - succesfully found person from selected id: [object Object]
[2023-03-14T21:11:50.466] [INFO] default - succesfully found person from selected id: [object Object]
